<?xml version="1.0" encoding="UTF-8"?>
<!-- Generated by org.testng.reporters.JUnitReportReporter -->
<testsuite hostname="DESKTOP-PEJRVTF" name="com.nopcommerce.testCases.TC_testLogin_001" tests="1" failures="0" timestamp="20 Feb 2021 04:47:17 GMT" time="7.094" errors="0">
  <testcase name="loginDetails" time="7.094" classname="com.nopcommerce.testCases.TC_testLogin_001"/>
</testsuite> <!-- com.nopcommerce.testCases.TC_testLogin_001 -->
