<?xml version="1.0" encoding="UTF-8"?>
<!-- Generated by org.testng.reporters.JUnitReportReporter -->
<testsuite hostname="DESKTOP-PEJRVTF" name="com.nopcommerce.testCases.TC_SearchCustomer_004" tests="1" failures="0" timestamp="20 Feb 2021 04:47:17 GMT" time="25.738" errors="0">
  <testcase name="searchCustomer" time="25.738" classname="com.nopcommerce.testCases.TC_SearchCustomer_004"/>
</testsuite> <!-- com.nopcommerce.testCases.TC_SearchCustomer_004 -->
