<?xml version="1.0" encoding="UTF-8"?>
<!-- Generated by org.testng.reporters.JUnitReportReporter -->
<testsuite hostname="DESKTOP-PEJRVTF" name="com.nopcommerce.testCases.TC_DataDriven_Test_002" tests="4" failures="0" timestamp="20 Feb 2021 04:47:17 GMT" time="23.174" errors="0">
  <testcase name="testDataDriven" time="10.929" classname="com.nopcommerce.testCases.TC_DataDriven_Test_002"/>
  <testcase name="testDataDriven" time="3.878" classname="com.nopcommerce.testCases.TC_DataDriven_Test_002"/>
  <testcase name="testDataDriven" time="3.926" classname="com.nopcommerce.testCases.TC_DataDriven_Test_002"/>
  <testcase name="testDataDriven" time="4.441" classname="com.nopcommerce.testCases.TC_DataDriven_Test_002"/>
</testsuite> <!-- com.nopcommerce.testCases.TC_DataDriven_Test_002 -->
